\BOOKMARK [0][-]{section*.2}{FYS2150 \040Lab Report: Time and Frequency}{}% 2
\BOOKMARK [1][-]{section*.1}{Abstract}{section*.2}% 1
\BOOKMARK [1][-]{section*.3}{Introduction}{section*.2}% 3
\BOOKMARK [1][-]{section*.4}{Theory}{section*.2}% 4
\BOOKMARK [2][-]{section*.5}{Polarization}{section*.4}% 5
\BOOKMARK [2][-]{section*.6}{The Brewster angle}{section*.4}% 6
\BOOKMARK [2][-]{section*.7}{Birefringence}{section*.4}% 7
\BOOKMARK [1][-]{section*.8}{Experimental Procedure}{section*.2}% 8
\BOOKMARK [2][-]{section*.9}{Checking the polarization of the spectral lamp}{section*.8}% 9
\BOOKMARK [2][-]{section*.10}{Testing Malus' law}{section*.8}% 10
\BOOKMARK [2][-]{section*.11}{Reflection of polarized light}{section*.8}% 11
\BOOKMARK [2][-]{section*.12}{Light transmitted through an angled glass plate}{section*.8}% 12
\BOOKMARK [2][-]{section*.13}{Observing birefringence in crystalline Calcite}{section*.8}% 13
\BOOKMARK [2][-]{section*.14}{Circular polarization of light using Calcite waveplates}{section*.8}% 14
\BOOKMARK [1][-]{section*.15}{Results}{section*.2}% 15
\BOOKMARK [2][-]{section*.16}{Polarization of light emitted by the spectral lamp}{section*.15}% 16
\BOOKMARK [2][-]{section*.17}{Confirming Malus law}{section*.15}% 17
\BOOKMARK [2][-]{section*.18}{Intensity of reflected light for S and P polarized light }{section*.15}% 18
\BOOKMARK [2][-]{section*.19}{Polarization of light transmitted through glass plate}{section*.15}% 19
\BOOKMARK [2][-]{section*.20}{Observations when looking at light passed through crystalline Calcite}{section*.15}% 20
\BOOKMARK [2][-]{section*.21}{Observations on the intensity of light polarized with calcite waveplates}{section*.15}% 21
\BOOKMARK [1][-]{section*.22}{Discussion}{section*.2}% 22
\BOOKMARK [2][-]{section*.23}{Polarization of spectral lamp}{section*.22}% 23
\BOOKMARK [2][-]{section*.24}{Relative intensities of S and P polarized light in reflections}{section*.22}% 24
\BOOKMARK [1][-]{section*.25}{Conclusion}{section*.2}% 25
\BOOKMARK [1][-]{section*.26}{References}{section*.2}% 26
