\BOOKMARK [0][-]{section*.2}{FYS2150 \040Lab Report: Time and Frequency}{}% 2
\BOOKMARK [1][-]{section*.1}{Abstract}{section*.2}% 1
\BOOKMARK [1][-]{section*.3}{Introduction}{section*.2}% 3
\BOOKMARK [1][-]{section*.4}{Theory}{section*.2}% 4
\BOOKMARK [1][-]{section*.5}{Experimental Procedure}{section*.2}% 5
\BOOKMARK [2][-]{section*.6}{List of equipment used}{section*.5}% 6
\BOOKMARK [2][-]{section*.7}{Preparation}{section*.5}% 7
\BOOKMARK [2][-]{section*.8}{Hourglass}{section*.5}% 8
\BOOKMARK [2][-]{section*.9}{Stopwatch}{section*.5}% 9
\BOOKMARK [2][-]{section*.10}{Photo-diode}{section*.5}% 10
\BOOKMARK [2][-]{section*.11}{Measuring lengths}{section*.5}% 11
\BOOKMARK [3][-]{section*.12}{Length of string}{section*.11}% 12
\BOOKMARK [3][-]{section*.13}{Dimensions of cylinder}{section*.11}% 13
\BOOKMARK [1][-]{section*.14}{Results}{section*.2}% 14
\BOOKMARK [2][-]{section*.15}{Recorded lengths and dimensions}{section*.14}% 15
\BOOKMARK [2][-]{section*.16}{Period recorded with hourglass}{section*.14}% 16
\BOOKMARK [2][-]{section*.17}{Period recorded with stopwatch}{section*.14}% 17
\BOOKMARK [2][-]{section*.18}{Period recorded with photo-diode}{section*.14}% 18
\BOOKMARK [2][-]{section*.19}{Problems}{section*.14}% 19
\BOOKMARK [1][-]{section*.20}{Discussion}{section*.2}% 20
\BOOKMARK [2][-]{section*.21}{Theoretical period}{section*.20}% 21
\BOOKMARK [3][-]{section*.22}{Center of mass}{section*.21}% 22
\BOOKMARK [3][-]{section*.23}{Period}{section*.21}% 23
\BOOKMARK [2][-]{section*.24}{The hourglass}{section*.20}% 24
\BOOKMARK [2][-]{section*.25}{The stopwatch}{section*.20}% 25
\BOOKMARK [2][-]{section*.26}{The photo-diode}{section*.20}% 26
\BOOKMARK [1][-]{section*.27}{Conclusion}{section*.2}% 27
\BOOKMARK [1][-]{section*.28}{References}{section*.2}% 28
