\BOOKMARK [1][-]{section.1}{Introduction}{}% 1
\BOOKMARK [1][-]{section.2}{Theory}{}% 2
\BOOKMARK [2][-]{subsection.2.1}{Pendulum}{section.2}% 3
\BOOKMARK [2][-]{subsection.2.2}{Doppler shift}{section.2}% 4
\BOOKMARK [2][-]{subsection.2.3}{Errors}{section.2}% 5
\BOOKMARK [1][-]{section.3}{Experimental Procedure}{}% 6
\BOOKMARK [2][-]{subsection.3.1}{Measuring the difference in lengths between two rods}{section.3}% 7
\BOOKMARK [3][-]{subsubsection.3.1.1}{Measurements using the Hultafors meter ruler}{subsection.3.1}% 8
\BOOKMARK [3][-]{subsubsection.3.1.2}{Measurements using the Bosch PLR30}{subsection.3.1}% 9
\BOOKMARK [2][-]{subsection.3.2}{Measurement using a digital vernier caliper}{section.3}% 10
\BOOKMARK [2][-]{subsection.3.3}{Measuring the period and height of the Foucault's pendulum}{section.3}% 11
\BOOKMARK [3][-]{subsubsection.3.3.1}{Measuring the period of the pendulum}{subsection.3.3}% 12
\BOOKMARK [3][-]{subsubsection.3.3.2}{Measuring the height of the center of mass}{subsection.3.3}% 13
\BOOKMARK [3][-]{subsubsection.3.3.3}{Measuring the height of the roof}{subsection.3.3}% 14
\BOOKMARK [2][-]{subsection.3.4}{Measuring the acceleration of a lego-car}{section.3}% 15
\BOOKMARK [2][-]{subsection.3.5}{Measuring the velocity of the RC-car}{section.3}% 16
\BOOKMARK [1][-]{section.4}{ Results}{}% 17
\BOOKMARK [2][-]{subsection.4.1}{Rod measurements}{section.4}% 18
\BOOKMARK [3][-]{subsubsection.4.1.1}{Pendulum measurements}{subsection.4.1}% 19
\BOOKMARK [3][-]{subsubsection.4.1.2}{Lego-car measurements}{subsection.4.1}% 20
\BOOKMARK [3][-]{subsubsection.4.1.3}{RC-car measurements}{subsection.4.1}% 21
\BOOKMARK [1][-]{section.5}{Discussion}{}% 22
\BOOKMARK [1][-]{section.6}{Conclusion}{}% 23
